glove
Using embedding ../data/glove.6B.50d.txt
Using embedding ../data/glove.6B.50d.txt
Using TensorFlow backend.
Loading data... - INFO - Prompt id is 1
Loading data... - INFO - Creating vocabulary from: ../data/train.tsv
Loading data... - INFO -   724840 total words, 16271 unique words
Loading data... - INFO -   Vocab size: 4000
Loading data... - INFO - Reading dataset from: ../data/train.tsv
Loading data... - INFO - Reading dataset from: ../data/dev.tsv
Loading data... - INFO - Reading dataset from: ../data/test.tsv
Loading data... - INFO - Training data max sentence num = 71, max sentence length = 50
Loading data... - INFO - Dev data max sentence num = -1, max sentence length = -1
Loading data... - INFO - Test data max sentence num = -1, max sentence length = -1
Loading data... - INFO - Overall max sentence num = 71, max sentence length = 50
/scratch/yz3464/NLP/aes/data_prepare.py:32: RuntimeWarning: Mean of empty slice.
  dev_mean = y_dev.mean(axis=0)
/share/apps/numpy/1.13.1/intel/lib/python2.7/site-packages/numpy-1.13.1-py2.7-linux-x86_64.egg/numpy/core/_methods.py:135: RuntimeWarning: Degrees of freedom <= 0 for slice
  keepdims=keepdims)
/scratch/yz3464/NLP/aes/data_prepare.py:34: RuntimeWarning: Mean of empty slice.
  test_mean = y_test.mean(axis=0)
Prepare data ... - INFO - Statistics:
Prepare data ... - INFO -   train X shape: (1783, 71, 50)
Prepare data ... - INFO -   dev X shape:   (0, 71, 50)
Prepare data ... - INFO -   test X shape:  (0, 71, 50)
Prepare data ... - INFO -   train Y shape: (1783, 1)
Prepare data ... - INFO -   dev Y shape:   (0, 1)
Prepare data ... - INFO -   test Y shape:  (0, 1)
Prepare data ... - INFO -   train_y mean: [ 8.52832317], stdev: [ 1.53813362], train_y mean after scaling: [ 0.65283233]
Prepare data ... - INFO - Loading GloVe ...
Prepare data ... - INFO - OOV number =343, OOV ratio = 0.085771
Train sentence sequences sents-HiLSTM - INFO - X_train shape: (1249, 3550)
Build model - INFO - Model parameters: max_sentnum = 71, max_sentlen = 50, embedding dim = 50, lstm_units = 100, drop rate = 0.5, l2 = 0.01
W tensorflow/core/platform/cpu_feature_guard.cc:45] The TensorFlow library wasn't compiled to use SSE3 instructions, but these are available on your machine and could speed up CPU computations.
W tensorflow/core/platform/cpu_feature_guard.cc:45] The TensorFlow library wasn't compiled to use SSE4.1 instructions, but these are available on your machine and could speed up CPU computations.
W tensorflow/core/platform/cpu_feature_guard.cc:45] The TensorFlow library wasn't compiled to use SSE4.2 instructions, but these are available on your machine and could speed up CPU computations.
W tensorflow/core/platform/cpu_feature_guard.cc:45] The TensorFlow library wasn't compiled to use AVX instructions, but these are available on your machine and could speed up CPU computations.
W tensorflow/core/platform/cpu_feature_guard.cc:45] The TensorFlow library wasn't compiled to use AVX2 instructions, but these are available on your machine and could speed up CPU computations.
W tensorflow/core/platform/cpu_feature_guard.cc:45] The TensorFlow library wasn't compiled to use FMA instructions, but these are available on your machine and could speed up CPU computations.
/scratch/yz3464/NLP/aes/hier_lstm.py:48: UserWarning: Update your `Dense` call to the Keras 2 API: `Dense(units=1, activation="sigmoid", name="output")`
  y = Dense(output_dim=1, activation='sigmoid', name='output')(avg_hz)
/scratch/yz3464/NLP/aes/hier_lstm.py:50: UserWarning: Update your `Model` call to the Keras 2 API: `Model(outputs=Tensor("ou..., inputs=Tensor("wo...)`
  model = Model(input=word_input, output=y)
_________________________________________________________________
Layer (type)                 Output Shape              Param #   
=================================================================
word_input (InputLayer)      (None, 3550)              0         
_________________________________________________________________
x (Embedding)                (None, 3550, 50)          200000    
_________________________________________________________________
drop_x (Dropout)             (None, 3550, 50)          0         
_________________________________________________________________
resh_W (Reshape)             (None, 71, 50, 50)        0         
_________________________________________________________________
z (TimeDistributed)          (None, 71, 50, 100)       60400     
_________________________________________________________________
avg_z (TimeDistributed)      (None, 71, 100)           0         
_________________________________________________________________
hz (LSTM)                    (None, 71, 100)           80400     
_________________________________________________________________
drop_hz (Dropout)            (None, 71, 100)           0         
_________________________________________________________________
avg_hz (GlobalAveragePooling (None, 100)               0         
_________________________________________________________________
output (Dense)               (None, 1)                 101       
=================================================================
Total params: 340,901.0
Trainable params: 340,901.0
Non-trainable params: 0.0
_________________________________________________________________
Build model - INFO - Model compiled in 0.0124 s
Train sentence sequences sents-HiLSTM - INFO - Initial evaluation: 
Evaluate stats - INFO - [DEV]   QWK:  0.000, PRS: 0.000, SPR: 0.000, RMSE: 2.127, (Best @ -1: {{0.000}}, 0.000, 0.000, 2.127)
Evaluate stats - INFO - [TEST]  QWK:  0.000, PRS: 0.000, SPR: 0.000, RMSE: 2.152 (Best @ -1: {{0.000}}, 0.000, 0.000, 2.152)
Evaluate stats - INFO - --------------------------------------------------------------------------------------------------------------------------
Train sentence sequences sents-HiLSTM - INFO - Train model
Train sentence sequences sents-HiLSTM - INFO - Epoch 1/50
hi_LSTM.py:148: UserWarning: The `nb_epoch` argument in `fit` has been renamed `epochs`.
  history =  model.fit(X_train, Y_train, batch_size=args.batch_size, nb_epoch=1, verbose=0, shuffle=True)
Train sentence sequences sents-HiLSTM - INFO - Training one epoch in 164.260 s
Evaluate stats - INFO - [DEV]   QWK:  0.667, PRS: 0.756, SPR: 0.721, RMSE: 1.126, (Best @ 1: {{0.667}}, 0.756, 0.721, 1.126)
Evaluate stats - INFO - [TEST]  QWK:  0.672, PRS: 0.778, SPR: 0.708, RMSE: 1.089 (Best @ 1: {{0.672}}, 0.778, 0.708, 1.089)
Evaluate stats - INFO - --------------------------------------------------------------------------------------------------------------------------
Train sentence sequences sents-HiLSTM - INFO - Epoch 2/50
Train sentence sequences sents-HiLSTM - INFO - Training one epoch in 162.135 s
Evaluate stats - INFO - [DEV]   QWK:  0.746, PRS: 0.770, SPR: 0.745, RMSE: 1.014, (Best @ 2: {{0.746}}, 0.770, 0.745, 1.014)
Evaluate stats - INFO - [TEST]  QWK:  0.765, PRS: 0.781, SPR: 0.730, RMSE: 0.936 (Best @ 2: {{0.765}}, 0.781, 0.730, 0.936)
Evaluate stats - INFO - --------------------------------------------------------------------------------------------------------------------------
Train sentence sequences sents-HiLSTM - INFO - Epoch 3/50
Train sentence sequences sents-HiLSTM - INFO - Training one epoch in 161.622 s
Evaluate stats - INFO - [DEV]   QWK:  0.723, PRS: 0.763, SPR: 0.743, RMSE: 1.051, (Best @ 2: {{0.746}}, 0.770, 0.745, 1.014)
Evaluate stats - INFO - [TEST]  QWK:  0.749, PRS: 0.806, SPR: 0.761, RMSE: 0.969 (Best @ 2: {{0.765}}, 0.781, 0.730, 0.936)
Evaluate stats - INFO - --------------------------------------------------------------------------------------------------------------------------
Train sentence sequences sents-HiLSTM - INFO - Epoch 4/50
Train sentence sequences sents-HiLSTM - INFO - Training one epoch in 162.164 s
Evaluate stats - INFO - [DEV]   QWK:  0.753, PRS: 0.792, SPR: 0.778, RMSE: 0.977, (Best @ 4: {{0.753}}, 0.792, 0.778, 0.977)
Evaluate stats - INFO - [TEST]  QWK:  0.785, PRS: 0.830, SPR: 0.803, RMSE: 0.884 (Best @ 4: {{0.785}}, 0.830, 0.803, 0.884)
Evaluate stats - INFO - --------------------------------------------------------------------------------------------------------------------------
Train sentence sequences sents-HiLSTM - INFO - Epoch 5/50
Train sentence sequences sents-HiLSTM - INFO - Training one epoch in 162.470 s
Evaluate stats - INFO - [DEV]   QWK:  0.749, PRS: 0.807, SPR: 0.789, RMSE: 1.041, (Best @ 4: {{0.753}}, 0.792, 0.778, 0.977)
Evaluate stats - INFO - [TEST]  QWK:  0.744, PRS: 0.819, SPR: 0.782, RMSE: 1.017 (Best @ 4: {{0.785}}, 0.830, 0.803, 0.884)
Evaluate stats - INFO - --------------------------------------------------------------------------------------------------------------------------
Train sentence sequences sents-HiLSTM - INFO - Epoch 6/50
Train sentence sequences sents-HiLSTM - INFO - Training one epoch in 162.269 s
Evaluate stats - INFO - [DEV]   QWK:  0.803, PRS: 0.809, SPR: 0.800, RMSE: 0.898, (Best @ 6: {{0.803}}, 0.809, 0.800, 0.898)
Evaluate stats - INFO - [TEST]  QWK:  0.814, PRS: 0.820, SPR: 0.787, RMSE: 0.838 (Best @ 6: {{0.814}}, 0.820, 0.787, 0.838)
Evaluate stats - INFO - --------------------------------------------------------------------------------------------------------------------------
Train sentence sequences sents-HiLSTM - INFO - Epoch 7/50
Train sentence sequences sents-HiLSTM - INFO - Training one epoch in 162.312 s
Evaluate stats - INFO - [DEV]   QWK:  0.739, PRS: 0.798, SPR: 0.780, RMSE: 1.040, (Best @ 6: {{0.803}}, 0.809, 0.800, 0.898)
Evaluate stats - INFO - [TEST]  QWK:  0.754, PRS: 0.830, SPR: 0.792, RMSE: 0.983 (Best @ 6: {{0.814}}, 0.820, 0.787, 0.838)
Evaluate stats - INFO - --------------------------------------------------------------------------------------------------------------------------
Train sentence sequences sents-HiLSTM - INFO - Epoch 8/50
Train sentence sequences sents-HiLSTM - INFO - Training one epoch in 162.338 s
Evaluate stats - INFO - [DEV]   QWK:  0.776, PRS: 0.789, SPR: 0.778, RMSE: 0.936, (Best @ 6: {{0.803}}, 0.809, 0.800, 0.898)
Evaluate stats - INFO - [TEST]  QWK:  0.806, PRS: 0.817, SPR: 0.782, RMSE: 0.835 (Best @ 6: {{0.814}}, 0.820, 0.787, 0.838)
Evaluate stats - INFO - --------------------------------------------------------------------------------------------------------------------------
Train sentence sequences sents-HiLSTM - INFO - Epoch 9/50
Train sentence sequences sents-HiLSTM - INFO - Training one epoch in 161.308 s
Evaluate stats - INFO - [DEV]   QWK:  0.793, PRS: 0.809, SPR: 0.802, RMSE: 0.898, (Best @ 6: {{0.803}}, 0.809, 0.800, 0.898)
Evaluate stats - INFO - [TEST]  QWK:  0.803, PRS: 0.818, SPR: 0.793, RMSE: 0.848 (Best @ 6: {{0.814}}, 0.820, 0.787, 0.838)
Evaluate stats - INFO - --------------------------------------------------------------------------------------------------------------------------
Train sentence sequences sents-HiLSTM - INFO - Epoch 10/50
Train sentence sequences sents-HiLSTM - INFO - Training one epoch in 161.879 s
Evaluate stats - INFO - [DEV]   QWK:  0.773, PRS: 0.807, SPR: 0.798, RMSE: 0.942, (Best @ 6: {{0.803}}, 0.809, 0.800, 0.898)
Evaluate stats - INFO - [TEST]  QWK:  0.790, PRS: 0.826, SPR: 0.806, RMSE: 0.890 (Best @ 6: {{0.814}}, 0.820, 0.787, 0.838)
Evaluate stats - INFO - --------------------------------------------------------------------------------------------------------------------------
Train sentence sequences sents-HiLSTM - INFO - Epoch 11/50
Train sentence sequences sents-HiLSTM - INFO - Training one epoch in 161.739 s
Evaluate stats - INFO - [DEV]   QWK:  0.801, PRS: 0.811, SPR: 0.799, RMSE: 0.888, (Best @ 6: {{0.803}}, 0.809, 0.800, 0.898)
Evaluate stats - INFO - [TEST]  QWK:  0.806, PRS: 0.813, SPR: 0.776, RMSE: 0.848 (Best @ 6: {{0.814}}, 0.820, 0.787, 0.838)
Evaluate stats - INFO - --------------------------------------------------------------------------------------------------------------------------
Train sentence sequences sents-HiLSTM - INFO - Epoch 12/50
Train sentence sequences sents-HiLSTM - INFO - Training one epoch in 161.544 s
Evaluate stats - INFO - [DEV]   QWK:  0.769, PRS: 0.811, SPR: 0.786, RMSE: 0.996, (Best @ 6: {{0.803}}, 0.809, 0.800, 0.898)
Evaluate stats - INFO - [TEST]  QWK:  0.778, PRS: 0.830, SPR: 0.804, RMSE: 0.954 (Best @ 6: {{0.814}}, 0.820, 0.787, 0.838)
Evaluate stats - INFO - --------------------------------------------------------------------------------------------------------------------------
Train sentence sequences sents-HiLSTM - INFO - Epoch 13/50
Train sentence sequences sents-HiLSTM - INFO - Training one epoch in 161.293 s
Evaluate stats - INFO - [DEV]   QWK:  0.783, PRS: 0.809, SPR: 0.797, RMSE: 0.920, (Best @ 6: {{0.803}}, 0.809, 0.800, 0.898)
Evaluate stats - INFO - [TEST]  QWK:  0.784, PRS: 0.807, SPR: 0.791, RMSE: 0.881 (Best @ 6: {{0.814}}, 0.820, 0.787, 0.838)
Evaluate stats - INFO - --------------------------------------------------------------------------------------------------------------------------
Train sentence sequences sents-HiLSTM - INFO - Epoch 14/50
Train sentence sequences sents-HiLSTM - INFO - Training one epoch in 161.926 s
Evaluate stats - INFO - [DEV]   QWK:  0.802, PRS: 0.822, SPR: 0.816, RMSE: 0.888, (Best @ 6: {{0.803}}, 0.809, 0.800, 0.898)
Evaluate stats - INFO - [TEST]  QWK:  0.815, PRS: 0.832, SPR: 0.802, RMSE: 0.838 (Best @ 6: {{0.814}}, 0.820, 0.787, 0.838)
Evaluate stats - INFO - --------------------------------------------------------------------------------------------------------------------------
Train sentence sequences sents-HiLSTM - INFO - Epoch 15/50
Train sentence sequences sents-HiLSTM - INFO - Training one epoch in 161.067 s
Evaluate stats - INFO - [DEV]   QWK:  0.800, PRS: 0.827, SPR: 0.822, RMSE: 0.874, (Best @ 6: {{0.803}}, 0.809, 0.800, 0.898)
Evaluate stats - INFO - [TEST]  QWK:  0.783, PRS: 0.808, SPR: 0.779, RMSE: 0.881 (Best @ 6: {{0.814}}, 0.820, 0.787, 0.838)
Evaluate stats - INFO - --------------------------------------------------------------------------------------------------------------------------
Train sentence sequences sents-HiLSTM - INFO - Epoch 16/50
Train sentence sequences sents-HiLSTM - INFO - Training one epoch in 161.329 s
Evaluate stats - INFO - [DEV]   QWK:  0.774, PRS: 0.815, SPR: 0.793, RMSE: 0.945, (Best @ 6: {{0.803}}, 0.809, 0.800, 0.898)
Evaluate stats - INFO - [TEST]  QWK:  0.772, PRS: 0.816, SPR: 0.781, RMSE: 0.924 (Best @ 6: {{0.814}}, 0.820, 0.787, 0.838)
Evaluate stats - INFO - --------------------------------------------------------------------------------------------------------------------------
Train sentence sequences sents-HiLSTM - INFO - Epoch 17/50
Train sentence sequences sents-HiLSTM - INFO - Training one epoch in 161.700 s
Evaluate stats - INFO - [DEV]   QWK:  0.816, PRS: 0.822, SPR: 0.813, RMSE: 0.866, (Best @ 17: {{0.816}}, 0.822, 0.813, 0.866)
Evaluate stats - INFO - [TEST]  QWK:  0.821, PRS: 0.824, SPR: 0.795, RMSE: 0.831 (Best @ 17: {{0.821}}, 0.824, 0.795, 0.831)
Evaluate stats - INFO - --------------------------------------------------------------------------------------------------------------------------
Train sentence sequences sents-HiLSTM - INFO - Epoch 18/50
Train sentence sequences sents-HiLSTM - INFO - Training one epoch in 162.090 s
Evaluate stats - INFO - [DEV]   QWK:  0.794, PRS: 0.816, SPR: 0.803, RMSE: 0.920, (Best @ 17: {{0.816}}, 0.822, 0.813, 0.866)
Evaluate stats - INFO - [TEST]  QWK:  0.798, PRS: 0.825, SPR: 0.785, RMSE: 0.884 (Best @ 17: {{0.821}}, 0.824, 0.795, 0.831)
Evaluate stats - INFO - --------------------------------------------------------------------------------------------------------------------------
Train sentence sequences sents-HiLSTM - INFO - Epoch 19/50
Train sentence sequences sents-HiLSTM - INFO - Training one epoch in 161.174 s
Evaluate stats - INFO - [DEV]   QWK:  0.819, PRS: 0.824, SPR: 0.811, RMSE: 0.869, (Best @ 19: {{0.819}}, 0.824, 0.811, 0.869)
Evaluate stats - INFO - [TEST]  QWK:  0.821, PRS: 0.823, SPR: 0.793, RMSE: 0.838 (Best @ 19: {{0.821}}, 0.823, 0.793, 0.838)
Evaluate stats - INFO - --------------------------------------------------------------------------------------------------------------------------
Train sentence sequences sents-HiLSTM - INFO - Epoch 20/50
Train sentence sequences sents-HiLSTM - INFO - Training one epoch in 161.749 s
Evaluate stats - INFO - [DEV]   QWK:  0.786, PRS: 0.817, SPR: 0.791, RMSE: 0.947, (Best @ 19: {{0.819}}, 0.824, 0.811, 0.869)
Evaluate stats - INFO - [TEST]  QWK:  0.796, PRS: 0.816, SPR: 0.790, RMSE: 0.903 (Best @ 19: {{0.821}}, 0.823, 0.793, 0.838)
Evaluate stats - INFO - --------------------------------------------------------------------------------------------------------------------------
Train sentence sequences sents-HiLSTM - INFO - Epoch 21/50
Train sentence sequences sents-HiLSTM - INFO - Training one epoch in 161.258 s
Evaluate stats - INFO - [DEV]   QWK:  0.823, PRS: 0.830, SPR: 0.816, RMSE: 0.850, (Best @ 21: {{0.823}}, 0.830, 0.816, 0.850)
Evaluate stats - INFO - [TEST]  QWK:  0.813, PRS: 0.819, SPR: 0.778, RMSE: 0.841 (Best @ 21: {{0.813}}, 0.819, 0.778, 0.841)
Evaluate stats - INFO - --------------------------------------------------------------------------------------------------------------------------
Train sentence sequences sents-HiLSTM - INFO - Epoch 22/50
Train sentence sequences sents-HiLSTM - INFO - Training one epoch in 161.344 s
Evaluate stats - INFO - [DEV]   QWK:  0.781, PRS: 0.805, SPR: 0.775, RMSE: 0.936, (Best @ 21: {{0.823}}, 0.830, 0.816, 0.850)
Evaluate stats - INFO - [TEST]  QWK:  0.804, PRS: 0.818, SPR: 0.783, RMSE: 0.858 (Best @ 21: {{0.813}}, 0.819, 0.778, 0.841)
Evaluate stats - INFO - --------------------------------------------------------------------------------------------------------------------------
Train sentence sequences sents-HiLSTM - INFO - Epoch 23/50
Train sentence sequences sents-HiLSTM - INFO - Training one epoch in 161.052 s
Evaluate stats - INFO - [DEV]   QWK:  0.813, PRS: 0.821, SPR: 0.796, RMSE: 0.879, (Best @ 21: {{0.823}}, 0.830, 0.816, 0.850)
Evaluate stats - INFO - [TEST]  QWK:  0.820, PRS: 0.824, SPR: 0.795, RMSE: 0.835 (Best @ 21: {{0.813}}, 0.819, 0.778, 0.841)
Evaluate stats - INFO - --------------------------------------------------------------------------------------------------------------------------
Train sentence sequences sents-HiLSTM - INFO - Epoch 24/50
Train sentence sequences sents-HiLSTM - INFO - Training one epoch in 160.970 s
Evaluate stats - INFO - [DEV]   QWK:  0.782, PRS: 0.820, SPR: 0.789, RMSE: 0.951, (Best @ 21: {{0.823}}, 0.830, 0.816, 0.850)
Evaluate stats - INFO - [TEST]  QWK:  0.782, PRS: 0.821, SPR: 0.784, RMSE: 0.918 (Best @ 21: {{0.813}}, 0.819, 0.778, 0.841)
Evaluate stats - INFO - --------------------------------------------------------------------------------------------------------------------------
Train sentence sequences sents-HiLSTM - INFO - Epoch 25/50
Train sentence sequences sents-HiLSTM - INFO - Training one epoch in 159.703 s
Evaluate stats - INFO - [DEV]   QWK:  0.784, PRS: 0.819, SPR: 0.793, RMSE: 1.000, (Best @ 21: {{0.823}}, 0.830, 0.816, 0.850)
Evaluate stats - INFO - [TEST]  QWK:  0.761, PRS: 0.809, SPR: 0.775, RMSE: 1.052 (Best @ 21: {{0.813}}, 0.819, 0.778, 0.841)
Evaluate stats - INFO - --------------------------------------------------------------------------------------------------------------------------
Train sentence sequences sents-HiLSTM - INFO - Epoch 26/50
Train sentence sequences sents-HiLSTM - INFO - Training one epoch in 159.490 s
Evaluate stats - INFO - [DEV]   QWK:  0.803, PRS: 0.823, SPR: 0.791, RMSE: 0.885, (Best @ 21: {{0.823}}, 0.830, 0.816, 0.850)
Evaluate stats - INFO - [TEST]  QWK:  0.800, PRS: 0.812, SPR: 0.779, RMSE: 0.855 (Best @ 21: {{0.813}}, 0.819, 0.778, 0.841)
Evaluate stats - INFO - --------------------------------------------------------------------------------------------------------------------------
Train sentence sequences sents-HiLSTM - INFO - Epoch 27/50
Train sentence sequences sents-HiLSTM - INFO - Training one epoch in 161.477 s
Evaluate stats - INFO - [DEV]   QWK:  0.788, PRS: 0.815, SPR: 0.784, RMSE: 0.938, (Best @ 21: {{0.823}}, 0.830, 0.816, 0.850)
Evaluate stats - INFO - [TEST]  QWK:  0.784, PRS: 0.808, SPR: 0.762, RMSE: 0.915 (Best @ 21: {{0.813}}, 0.819, 0.778, 0.841)
Evaluate stats - INFO - --------------------------------------------------------------------------------------------------------------------------
Train sentence sequences sents-HiLSTM - INFO - Epoch 28/50
Train sentence sequences sents-HiLSTM - INFO - Training one epoch in 160.376 s
Evaluate stats - INFO - [DEV]   QWK:  0.771, PRS: 0.824, SPR: 0.793, RMSE: 1.017, (Best @ 21: {{0.823}}, 0.830, 0.816, 0.850)
Evaluate stats - INFO - [TEST]  QWK:  0.755, PRS: 0.821, SPR: 0.787, RMSE: 1.028 (Best @ 21: {{0.813}}, 0.819, 0.778, 0.841)
Evaluate stats - INFO - --------------------------------------------------------------------------------------------------------------------------
Train sentence sequences sents-HiLSTM - INFO - Epoch 29/50
Train sentence sequences sents-HiLSTM - INFO - Training one epoch in 161.754 s
Evaluate stats - INFO - [DEV]   QWK:  0.816, PRS: 0.817, SPR: 0.787, RMSE: 0.893, (Best @ 21: {{0.823}}, 0.830, 0.816, 0.850)
Evaluate stats - INFO - [TEST]  QWK:  0.806, PRS: 0.808, SPR: 0.776, RMSE: 0.877 (Best @ 21: {{0.813}}, 0.819, 0.778, 0.841)
Evaluate stats - INFO - --------------------------------------------------------------------------------------------------------------------------
Train sentence sequences sents-HiLSTM - INFO - Epoch 30/50
Train sentence sequences sents-HiLSTM - INFO - Training one epoch in 162.047 s
Evaluate stats - INFO - [DEV]   QWK:  0.779, PRS: 0.813, SPR: 0.780, RMSE: 0.947, (Best @ 21: {{0.823}}, 0.830, 0.816, 0.850)
Evaluate stats - INFO - [TEST]  QWK:  0.783, PRS: 0.813, SPR: 0.781, RMSE: 0.915 (Best @ 21: {{0.813}}, 0.819, 0.778, 0.841)
Evaluate stats - INFO - --------------------------------------------------------------------------------------------------------------------------
Train sentence sequences sents-HiLSTM - INFO - Epoch 31/50
Train sentence sequences sents-HiLSTM - INFO - Training one epoch in 161.638 s
Evaluate stats - INFO - [DEV]   QWK:  0.797, PRS: 0.808, SPR: 0.780, RMSE: 0.957, (Best @ 21: {{0.823}}, 0.830, 0.816, 0.850)
Evaluate stats - INFO - [TEST]  QWK:  0.813, PRS: 0.819, SPR: 0.797, RMSE: 0.874 (Best @ 21: {{0.813}}, 0.819, 0.778, 0.841)
Evaluate stats - INFO - --------------------------------------------------------------------------------------------------------------------------
Train sentence sequences sents-HiLSTM - INFO - Epoch 32/50
Train sentence sequences sents-HiLSTM - INFO - Training one epoch in 159.828 s
Evaluate stats - INFO - [DEV]   QWK:  0.788, PRS: 0.808, SPR: 0.773, RMSE: 0.939, (Best @ 21: {{0.823}}, 0.830, 0.816, 0.850)
Evaluate stats - INFO - [TEST]  QWK:  0.792, PRS: 0.809, SPR: 0.773, RMSE: 0.893 (Best @ 21: {{0.813}}, 0.819, 0.778, 0.841)
Evaluate stats - INFO - --------------------------------------------------------------------------------------------------------------------------
Train sentence sequences sents-HiLSTM - INFO - Epoch 33/50
Train sentence sequences sents-HiLSTM - INFO - Training one epoch in 160.840 s
Evaluate stats - INFO - [DEV]   QWK:  0.803, PRS: 0.819, SPR: 0.784, RMSE: 0.910, (Best @ 21: {{0.823}}, 0.830, 0.816, 0.850)
Evaluate stats - INFO - [TEST]  QWK:  0.793, PRS: 0.808, SPR: 0.774, RMSE: 0.893 (Best @ 21: {{0.813}}, 0.819, 0.778, 0.841)
Evaluate stats - INFO - --------------------------------------------------------------------------------------------------------------------------
Train sentence sequences sents-HiLSTM - INFO - Epoch 34/50
Train sentence sequences sents-HiLSTM - INFO - Training one epoch in 160.025 s
Evaluate stats - INFO - [DEV]   QWK:  0.797, PRS: 0.808, SPR: 0.772, RMSE: 0.912, (Best @ 21: {{0.823}}, 0.830, 0.816, 0.850)
Evaluate stats - INFO - [TEST]  QWK:  0.787, PRS: 0.794, SPR: 0.746, RMSE: 0.903 (Best @ 21: {{0.813}}, 0.819, 0.778, 0.841)
Evaluate stats - INFO - --------------------------------------------------------------------------------------------------------------------------
Train sentence sequences sents-HiLSTM - INFO - Epoch 35/50
Train sentence sequences sents-HiLSTM - INFO - Training one epoch in 159.564 s
Evaluate stats - INFO - [DEV]   QWK:  0.786, PRS: 0.787, SPR: 0.746, RMSE: 0.967, (Best @ 21: {{0.823}}, 0.830, 0.816, 0.850)
Evaluate stats - INFO - [TEST]  QWK:  0.808, PRS: 0.808, SPR: 0.766, RMSE: 0.887 (Best @ 21: {{0.813}}, 0.819, 0.778, 0.841)
Evaluate stats - INFO - --------------------------------------------------------------------------------------------------------------------------
Train sentence sequences sents-HiLSTM - INFO - Epoch 36/50
Train sentence sequences sents-HiLSTM - INFO - Training one epoch in 160.899 s
Evaluate stats - INFO - [DEV]   QWK:  0.763, PRS: 0.786, SPR: 0.751, RMSE: 0.948, (Best @ 21: {{0.823}}, 0.830, 0.816, 0.850)
Evaluate stats - INFO - [TEST]  QWK:  0.783, PRS: 0.799, SPR: 0.758, RMSE: 0.881 (Best @ 21: {{0.813}}, 0.819, 0.778, 0.841)
Evaluate stats - INFO - --------------------------------------------------------------------------------------------------------------------------
Train sentence sequences sents-HiLSTM - INFO - Epoch 37/50
Train sentence sequences sents-HiLSTM - INFO - Training one epoch in 160.689 s
Evaluate stats - INFO - [DEV]   QWK:  0.804, PRS: 0.810, SPR: 0.774, RMSE: 0.907, (Best @ 21: {{0.823}}, 0.830, 0.816, 0.850)
Evaluate stats - INFO - [TEST]  QWK:  0.800, PRS: 0.805, SPR: 0.767, RMSE: 0.881 (Best @ 21: {{0.813}}, 0.819, 0.778, 0.841)
Evaluate stats - INFO - --------------------------------------------------------------------------------------------------------------------------
Train sentence sequences sents-HiLSTM - INFO - Epoch 38/50
Train sentence sequences sents-HiLSTM - INFO - Training one epoch in 160.529 s
Evaluate stats - INFO - [DEV]   QWK:  0.797, PRS: 0.805, SPR: 0.768, RMSE: 0.926, (Best @ 21: {{0.823}}, 0.830, 0.816, 0.850)
Evaluate stats - INFO - [TEST]  QWK:  0.791, PRS: 0.801, SPR: 0.760, RMSE: 0.896 (Best @ 21: {{0.813}}, 0.819, 0.778, 0.841)
Evaluate stats - INFO - --------------------------------------------------------------------------------------------------------------------------
Train sentence sequences sents-HiLSTM - INFO - Epoch 39/50
Train sentence sequences sents-HiLSTM - INFO - Training one epoch in 159.020 s
Evaluate stats - INFO - [DEV]   QWK:  0.796, PRS: 0.804, SPR: 0.762, RMSE: 0.912, (Best @ 21: {{0.823}}, 0.830, 0.816, 0.850)
Evaluate stats - INFO - [TEST]  QWK:  0.803, PRS: 0.808, SPR: 0.764, RMSE: 0.868 (Best @ 21: {{0.813}}, 0.819, 0.778, 0.841)
Evaluate stats - INFO - --------------------------------------------------------------------------------------------------------------------------
Train sentence sequences sents-HiLSTM - INFO - Epoch 40/50
Train sentence sequences sents-HiLSTM - INFO - Training one epoch in 159.959 s
Evaluate stats - INFO - [DEV]   QWK:  0.770, PRS: 0.806, SPR: 0.761, RMSE: 0.999, (Best @ 21: {{0.823}}, 0.830, 0.816, 0.850)
Evaluate stats - INFO - [TEST]  QWK:  0.772, PRS: 0.814, SPR: 0.781, RMSE: 0.960 (Best @ 21: {{0.813}}, 0.819, 0.778, 0.841)
Evaluate stats - INFO - --------------------------------------------------------------------------------------------------------------------------
Train sentence sequences sents-HiLSTM - INFO - Epoch 41/50
Train sentence sequences sents-HiLSTM - INFO - Training one epoch in 160.565 s
Evaluate stats - INFO - [DEV]   QWK:  0.810, PRS: 0.817, SPR: 0.778, RMSE: 0.881, (Best @ 21: {{0.823}}, 0.830, 0.816, 0.850)
Evaluate stats - INFO - [TEST]  QWK:  0.814, PRS: 0.819, SPR: 0.770, RMSE: 0.838 (Best @ 21: {{0.813}}, 0.819, 0.778, 0.841)
Evaluate stats - INFO - --------------------------------------------------------------------------------------------------------------------------
Train sentence sequences sents-HiLSTM - INFO - Epoch 42/50
Train sentence sequences sents-HiLSTM - INFO - Training one epoch in 158.761 s
Evaluate stats - INFO - [DEV]   QWK:  0.714, PRS: 0.804, SPR: 0.755, RMSE: 1.144, (Best @ 21: {{0.823}}, 0.830, 0.816, 0.850)
Evaluate stats - INFO - [TEST]  QWK:  0.725, PRS: 0.822, SPR: 0.781, RMSE: 1.124 (Best @ 21: {{0.813}}, 0.819, 0.778, 0.841)
Evaluate stats - INFO - --------------------------------------------------------------------------------------------------------------------------
Train sentence sequences sents-HiLSTM - INFO - Epoch 43/50
Train sentence sequences sents-HiLSTM - INFO - Training one epoch in 159.929 s
Evaluate stats - INFO - [DEV]   QWK:  0.798, PRS: 0.805, SPR: 0.765, RMSE: 0.907, (Best @ 21: {{0.823}}, 0.830, 0.816, 0.850)
Evaluate stats - INFO - [TEST]  QWK:  0.816, PRS: 0.821, SPR: 0.781, RMSE: 0.831 (Best @ 21: {{0.813}}, 0.819, 0.778, 0.841)
Evaluate stats - INFO - --------------------------------------------------------------------------------------------------------------------------
Train sentence sequences sents-HiLSTM - INFO - Epoch 44/50
Train sentence sequences sents-HiLSTM - INFO - Training one epoch in 159.774 s
Evaluate stats - INFO - [DEV]   QWK:  0.800, PRS: 0.801, SPR: 0.759, RMSE: 0.969, (Best @ 21: {{0.823}}, 0.830, 0.816, 0.850)
Evaluate stats - INFO - [TEST]  QWK:  0.807, PRS: 0.809, SPR: 0.771, RMSE: 0.918 (Best @ 21: {{0.813}}, 0.819, 0.778, 0.841)
Evaluate stats - INFO - --------------------------------------------------------------------------------------------------------------------------
Train sentence sequences sents-HiLSTM - INFO - Epoch 45/50
Train sentence sequences sents-HiLSTM - INFO - Training one epoch in 158.951 s
Evaluate stats - INFO - [DEV]   QWK:  0.772, PRS: 0.787, SPR: 0.745, RMSE: 0.936, (Best @ 21: {{0.823}}, 0.830, 0.816, 0.850)
Evaluate stats - INFO - [TEST]  QWK:  0.798, PRS: 0.809, SPR: 0.761, RMSE: 0.851 (Best @ 21: {{0.813}}, 0.819, 0.778, 0.841)
Evaluate stats - INFO - --------------------------------------------------------------------------------------------------------------------------
Train sentence sequences sents-HiLSTM - INFO - Epoch 46/50
Train sentence sequences sents-HiLSTM - INFO - Training one epoch in 159.589 s
Evaluate stats - INFO - [DEV]   QWK:  0.803, PRS: 0.810, SPR: 0.771, RMSE: 0.890, (Best @ 21: {{0.823}}, 0.830, 0.816, 0.850)
Evaluate stats - INFO - [TEST]  QWK:  0.806, PRS: 0.808, SPR: 0.771, RMSE: 0.871 (Best @ 21: {{0.813}}, 0.819, 0.778, 0.841)
Evaluate stats - INFO - --------------------------------------------------------------------------------------------------------------------------
Train sentence sequences sents-HiLSTM - INFO - Epoch 47/50
Train sentence sequences sents-HiLSTM - INFO - Training one epoch in 159.504 s
Evaluate stats - INFO - [DEV]   QWK:  0.773, PRS: 0.795, SPR: 0.763, RMSE: 0.970, (Best @ 21: {{0.823}}, 0.830, 0.816, 0.850)
Evaluate stats - INFO - [TEST]  QWK:  0.784, PRS: 0.798, SPR: 0.747, RMSE: 0.921 (Best @ 21: {{0.813}}, 0.819, 0.778, 0.841)
Evaluate stats - INFO - --------------------------------------------------------------------------------------------------------------------------
Train sentence sequences sents-HiLSTM - INFO - Epoch 48/50
Train sentence sequences sents-HiLSTM - INFO - Training one epoch in 159.862 s
Evaluate stats - INFO - [DEV]   QWK:  0.802, PRS: 0.813, SPR: 0.780, RMSE: 0.933, (Best @ 21: {{0.823}}, 0.830, 0.816, 0.850)
Evaluate stats - INFO - [TEST]  QWK:  0.798, PRS: 0.808, SPR: 0.754, RMSE: 0.903 (Best @ 21: {{0.813}}, 0.819, 0.778, 0.841)
Evaluate stats - INFO - --------------------------------------------------------------------------------------------------------------------------
Train sentence sequences sents-HiLSTM - INFO - Epoch 49/50
Train sentence sequences sents-HiLSTM - INFO - Training one epoch in 159.165 s
Evaluate stats - INFO - [DEV]   QWK:  0.792, PRS: 0.798, SPR: 0.760, RMSE: 0.936, (Best @ 21: {{0.823}}, 0.830, 0.816, 0.850)
Evaluate stats - INFO - [TEST]  QWK:  0.799, PRS: 0.807, SPR: 0.754, RMSE: 0.877 (Best @ 21: {{0.813}}, 0.819, 0.778, 0.841)
Evaluate stats - INFO - --------------------------------------------------------------------------------------------------------------------------
Train sentence sequences sents-HiLSTM - INFO - Epoch 50/50
Train sentence sequences sents-HiLSTM - INFO - Training one epoch in 159.629 s
Evaluate stats - INFO - [DEV]   QWK:  0.781, PRS: 0.792, SPR: 0.751, RMSE: 0.932, (Best @ 21: {{0.823}}, 0.830, 0.816, 0.850)
Evaluate stats - INFO - [TEST]  QWK:  0.807, PRS: 0.815, SPR: 0.771, RMSE: 0.851 (Best @ 21: {{0.813}}, 0.819, 0.778, 0.841)
Evaluate stats - INFO - --------------------------------------------------------------------------------------------------------------------------
Evaluate stats - INFO - --------------------------------------------------------------------------------------------------------------------------
Evaluate stats - INFO - Best @ Epoch 21:
Evaluate stats - INFO -   [DEV]  QWK: 0.823,  PRS: 0.830, SPR: 0.816, RMSE: 0.850
Evaluate stats - INFO -   [TEST] QWK: 0.813,  PRS: 0.819, SPR: 0.778, RMSE: 0.841
