glove
Using embedding ../data/glove.6B.50d.txt
Using TensorFlow backend.
Loading data... - INFO - Prompt id is 1
Loading data... - INFO - Creating vocabulary from: ../data/train.tsv
Loading data... - INFO -   724840 total words, 16271 unique words
Loading data... - INFO -   Vocab size: 4000
Loading data... - INFO - Reading dataset from: ../data/train.tsv
Loading data... - INFO - Reading dataset from: ../data/dev.tsv
Loading data... - INFO - Reading dataset from: ../data/test.tsv
Loading data... - INFO - Training data max sentence num = 71, max sentence length = 50
Loading data... - INFO - Dev data max sentence num = -1, max sentence length = -1
Loading data... - INFO - Test data max sentence num = -1, max sentence length = -1
Loading data... - INFO - Overall max sentence num = 71, max sentence length = 50
/scratch/yz3464/NLP/aes/data_prepare.py:32: RuntimeWarning: Mean of empty slice.
  dev_mean = y_dev.mean(axis=0)
/share/apps/numpy/1.13.1/intel/lib/python2.7/site-packages/numpy-1.13.1-py2.7-linux-x86_64.egg/numpy/core/_methods.py:135: RuntimeWarning: Degrees of freedom <= 0 for slice
  keepdims=keepdims)
/scratch/yz3464/NLP/aes/data_prepare.py:34: RuntimeWarning: Mean of empty slice.
  test_mean = y_test.mean(axis=0)
Prepare data ... - INFO - Statistics:
Prepare data ... - INFO -   train X shape: (1783, 71, 50)
Prepare data ... - INFO -   dev X shape:   (0, 71, 50)
Prepare data ... - INFO -   test X shape:  (0, 71, 50)
Prepare data ... - INFO -   train Y shape: (1783, 1)
Prepare data ... - INFO -   dev Y shape:   (0, 1)
Prepare data ... - INFO -   test Y shape:  (0, 1)
Prepare data ... - INFO -   train_y mean: [ 8.52832317], stdev: [ 1.53813362], train_y mean after scaling: [ 0.65283233]
Prepare data ... - INFO - Loading GloVe ...
Prepare data ... - INFO - OOV number =343, OOV ratio = 0.085771
Train sentence sequences HCNN - INFO - X_train shape: (1249, 3550)
Build model - INFO - Model parameters: max_sentnum = 71, max_sentlen = 50, embedding dim = 50, nbfilters = 100, filter1_len = 5, filter2_len = 3, drop rate = 0.3, l2 = 0.01
W tensorflow/core/platform/cpu_feature_guard.cc:45] The TensorFlow library wasn't compiled to use SSE3 instructions, but these are available on your machine and could speed up CPU computations.
W tensorflow/core/platform/cpu_feature_guard.cc:45] The TensorFlow library wasn't compiled to use SSE4.1 instructions, but these are available on your machine and could speed up CPU computations.
W tensorflow/core/platform/cpu_feature_guard.cc:45] The TensorFlow library wasn't compiled to use SSE4.2 instructions, but these are available on your machine and could speed up CPU computations.
W tensorflow/core/platform/cpu_feature_guard.cc:45] The TensorFlow library wasn't compiled to use AVX instructions, but these are available on your machine and could speed up CPU computations.
W tensorflow/core/platform/cpu_feature_guard.cc:45] The TensorFlow library wasn't compiled to use AVX2 instructions, but these are available on your machine and could speed up CPU computations.
W tensorflow/core/platform/cpu_feature_guard.cc:45] The TensorFlow library wasn't compiled to use FMA instructions, but these are available on your machine and could speed up CPU computations.
/scratch/yz3464/NLP/aes/hier_networks.py:49: UserWarning: Update your `Conv1D` call to the Keras 2 API: `Conv1D(100, 5, padding="valid")`
  z = TimeDistributed(Convolution1D(opts.nbfilters, opts.filter1_len, border_mode='valid'), name='z')(resh_W)
/scratch/yz3464/NLP/aes/hier_networks.py:51: UserWarning: Update your `AveragePooling1D` call to the Keras 2 API: `AveragePooling1D(pool_size=46)`
  avg_z = TimeDistributed(AveragePooling1D(pool_length=L-opts.filter1_len+1), name='avg_z')(z)	# shape= (N, 1, nbfilters)
/scratch/yz3464/NLP/aes/hier_networks.py:55: UserWarning: Update your `Conv1D` call to the Keras 2 API: `Conv1D(100, 3, padding="valid", name="hz")`
  hz = Convolution1D(opts.nbfilters, opts.filter2_len, border_mode='valid', name='hz')(resh_z)
/scratch/yz3464/NLP/aes/hier_networks.py:59: UserWarning: Update your `Dense` call to the Keras 2 API: `Dense(units=1, activation="sigmoid", name="output")`
  y = Dense(output_dim=1, activation='sigmoid', name='output')(avg_hz)
/scratch/yz3464/NLP/aes/hier_networks.py:61: UserWarning: Update your `Model` call to the Keras 2 API: `Model(outputs=Tensor("ou..., inputs=Tensor("wo...)`
  model = Model(input=word_input, output=y)
_________________________________________________________________
Layer (type)                 Output Shape              Param #   
=================================================================
word_input (InputLayer)      (None, 3550)              0         
_________________________________________________________________
x (Embedding)                (None, 3550, 50)          200000    
_________________________________________________________________
drop_x (Dropout)             (None, 3550, 50)          0         
_________________________________________________________________
resh_W (Reshape)             (None, 71, 50, 50)        0         
_________________________________________________________________
z (TimeDistributed)          (None, 71, 46, 100)       25100     
_________________________________________________________________
avg_z (TimeDistributed)      (None, 71, 1, 100)        0         
_________________________________________________________________
resh_z (Reshape)             (None, 71, 100)           0         
_________________________________________________________________
hz (Conv1D)                  (None, 69, 100)           30100     
_________________________________________________________________
avg_hz (GlobalAveragePooling (None, 100)               0         
_________________________________________________________________
output (Dense)               (None, 1)                 101       
=================================================================
Total params: 255,301.0
Trainable params: 255,301.0
Non-trainable params: 0.0
_________________________________________________________________
Build model - INFO - Model compiled in 0.0125 s
Train sentence sequences HCNN - INFO - Initial evaluation: 
Evaluate stats - INFO - [DEV]   QWK:  0.000, PRS: 0.000, SPR: 0.000, RMSE: 2.127, (Best @ -1: {{0.000}}, 0.000, 0.000, 2.127)
Evaluate stats - INFO - [TEST]  QWK:  0.000, PRS: 0.000, SPR: 0.000, RMSE: 2.152 (Best @ -1: {{0.000}}, 0.000, 0.000, 2.152)
Evaluate stats - INFO - --------------------------------------------------------------------------------------------------------------------------
Train sentence sequences HCNN - INFO - Train model
Train sentence sequences HCNN - INFO - Epoch 1/12
hi_CNN.py:137: UserWarning: The `nb_epoch` argument in `fit` has been renamed `epochs`.
  history = model.fit(X_train, Y_train, batch_size=args.batch_size, nb_epoch=1, verbose=0, shuffle=True)
Train sentence sequences HCNN - INFO - Training one epoch in 27.435 s
Evaluate stats - INFO - [DEV]   QWK:  0.269, PRS: 0.727, SPR: 0.674, RMSE: 2.331, (Best @ 1: {{0.269}}, 0.727, 0.674, 2.331)
Evaluate stats - INFO - [TEST]  QWK:  0.269, PRS: 0.746, SPR: 0.665, RMSE: 2.268 (Best @ 1: {{0.269}}, 0.746, 0.665, 2.268)
Evaluate stats - INFO - --------------------------------------------------------------------------------------------------------------------------
Train sentence sequences HCNN - INFO - Epoch 2/12
Train sentence sequences HCNN - INFO - Training one epoch in 27.062 s
Evaluate stats - INFO - [DEV]   QWK:  0.746, PRS: 0.756, SPR: 0.732, RMSE: 1.003, (Best @ 2: {{0.746}}, 0.756, 0.732, 1.003)
Evaluate stats - INFO - [TEST]  QWK:  0.765, PRS: 0.776, SPR: 0.742, RMSE: 0.936 (Best @ 2: {{0.765}}, 0.776, 0.742, 0.936)
Evaluate stats - INFO - --------------------------------------------------------------------------------------------------------------------------
Train sentence sequences HCNN - INFO - Epoch 3/12
Train sentence sequences HCNN - INFO - Training one epoch in 27.137 s
Evaluate stats - INFO - [DEV]   QWK:  0.673, PRS: 0.747, SPR: 0.728, RMSE: 1.098, (Best @ 2: {{0.746}}, 0.756, 0.732, 1.003)
Evaluate stats - INFO - [TEST]  QWK:  0.722, PRS: 0.782, SPR: 0.770, RMSE: 0.966 (Best @ 2: {{0.765}}, 0.776, 0.742, 0.936)
Evaluate stats - INFO - --------------------------------------------------------------------------------------------------------------------------
Train sentence sequences HCNN - INFO - Epoch 4/12
Train sentence sequences HCNN - INFO - Training one epoch in 27.217 s
Evaluate stats - INFO - [DEV]   QWK:  0.652, PRS: 0.739, SPR: 0.712, RMSE: 1.041, (Best @ 2: {{0.746}}, 0.756, 0.732, 1.003)
Evaluate stats - INFO - [TEST]  QWK:  0.714, PRS: 0.775, SPR: 0.767, RMSE: 0.930 (Best @ 2: {{0.765}}, 0.776, 0.742, 0.936)
Evaluate stats - INFO - --------------------------------------------------------------------------------------------------------------------------
Train sentence sequences HCNN - INFO - Epoch 5/12
Train sentence sequences HCNN - INFO - Training one epoch in 27.117 s
Evaluate stats - INFO - [DEV]   QWK:  0.382, PRS: 0.758, SPR: 0.717, RMSE: 2.029, (Best @ 2: {{0.746}}, 0.756, 0.732, 1.003)
Evaluate stats - INFO - [TEST]  QWK:  0.379, PRS: 0.791, SPR: 0.737, RMSE: 1.994 (Best @ 2: {{0.765}}, 0.776, 0.742, 0.936)
Evaluate stats - INFO - --------------------------------------------------------------------------------------------------------------------------
Train sentence sequences HCNN - INFO - Epoch 6/12
Train sentence sequences HCNN - INFO - Training one epoch in 27.122 s
Evaluate stats - INFO - [DEV]   QWK:  0.745, PRS: 0.774, SPR: 0.753, RMSE: 0.993, (Best @ 2: {{0.746}}, 0.756, 0.732, 1.003)
Evaluate stats - INFO - [TEST]  QWK:  0.791, PRS: 0.811, SPR: 0.788, RMSE: 0.868 (Best @ 2: {{0.765}}, 0.776, 0.742, 0.936)
Evaluate stats - INFO - --------------------------------------------------------------------------------------------------------------------------
Train sentence sequences HCNN - INFO - Epoch 7/12
Train sentence sequences HCNN - INFO - Training one epoch in 27.143 s
Evaluate stats - INFO - [DEV]   QWK:  0.592, PRS: 0.776, SPR: 0.771, RMSE: 1.561, (Best @ 2: {{0.746}}, 0.756, 0.732, 1.003)
Evaluate stats - INFO - [TEST]  QWK:  0.619, PRS: 0.796, SPR: 0.790, RMSE: 1.476 (Best @ 2: {{0.765}}, 0.776, 0.742, 0.936)
Evaluate stats - INFO - --------------------------------------------------------------------------------------------------------------------------
Train sentence sequences HCNN - INFO - Epoch 8/12
Train sentence sequences HCNN - INFO - Training one epoch in 27.356 s
Evaluate stats - INFO - [DEV]   QWK:  0.552, PRS: 0.781, SPR: 0.750, RMSE: 1.439, (Best @ 2: {{0.746}}, 0.756, 0.732, 1.003)
Evaluate stats - INFO - [TEST]  QWK:  0.553, PRS: 0.788, SPR: 0.756, RMSE: 1.428 (Best @ 2: {{0.765}}, 0.776, 0.742, 0.936)
Evaluate stats - INFO - --------------------------------------------------------------------------------------------------------------------------
Train sentence sequences HCNN - INFO - Epoch 9/12
Train sentence sequences HCNN - INFO - Training one epoch in 27.155 s
Evaluate stats - INFO - [DEV]   QWK:  0.742, PRS: 0.777, SPR: 0.749, RMSE: 0.961, (Best @ 2: {{0.746}}, 0.756, 0.732, 1.003)
Evaluate stats - INFO - [TEST]  QWK:  0.772, PRS: 0.804, SPR: 0.793, RMSE: 0.868 (Best @ 2: {{0.765}}, 0.776, 0.742, 0.936)
Evaluate stats - INFO - --------------------------------------------------------------------------------------------------------------------------
Train sentence sequences HCNN - INFO - Epoch 10/12
Train sentence sequences HCNN - INFO - Training one epoch in 27.206 s
Evaluate stats - INFO - [DEV]   QWK:  0.506, PRS: 0.762, SPR: 0.748, RMSE: 1.489, (Best @ 2: {{0.746}}, 0.756, 0.732, 1.003)
Evaluate stats - INFO - [TEST]  QWK:  0.517, PRS: 0.790, SPR: 0.789, RMSE: 1.459 (Best @ 2: {{0.765}}, 0.776, 0.742, 0.936)
Evaluate stats - INFO - --------------------------------------------------------------------------------------------------------------------------
Train sentence sequences HCNN - INFO - Epoch 11/12
Train sentence sequences HCNN - INFO - Training one epoch in 27.275 s
Evaluate stats - INFO - [DEV]   QWK:  0.497, PRS: 0.783, SPR: 0.753, RMSE: 1.724, (Best @ 2: {{0.746}}, 0.756, 0.732, 1.003)
Evaluate stats - INFO - [TEST]  QWK:  0.499, PRS: 0.813, SPR: 0.779, RMSE: 1.696 (Best @ 2: {{0.765}}, 0.776, 0.742, 0.936)
Evaluate stats - INFO - --------------------------------------------------------------------------------------------------------------------------
Train sentence sequences HCNN - INFO - Epoch 12/12
Train sentence sequences HCNN - INFO - Training one epoch in 27.138 s
Evaluate stats - INFO - [DEV]   QWK:  0.630, PRS: 0.780, SPR: 0.756, RMSE: 1.219, (Best @ 2: {{0.746}}, 0.756, 0.732, 1.003)
Evaluate stats - INFO - [TEST]  QWK:  0.649, PRS: 0.815, SPR: 0.800, RMSE: 1.134 (Best @ 2: {{0.765}}, 0.776, 0.742, 0.936)
Evaluate stats - INFO - --------------------------------------------------------------------------------------------------------------------------
Evaluate stats - INFO - --------------------------------------------------------------------------------------------------------------------------
Evaluate stats - INFO - Best @ Epoch 2:
Evaluate stats - INFO -   [DEV]  QWK: 0.746,  PRS: 0.756, SPR: 0.732, RMSE: 1.003
Evaluate stats - INFO -   [TEST] QWK: 0.765,  PRS: 0.776, SPR: 0.742, RMSE: 0.936
